2025-06-14 21:36:27,421 - kalshi_arbitrage.trade_simulator - INFO - Initialized paper trading simulator with $10,000.00
2025-06-14 21:36:27,421 - __main__ - INFO - Running single arbitrage scan...
2025-06-14 21:36:27,421 - __main__ - INFO - Starting arbitrage scan...
2025-06-14 21:36:27,421 - kalshi_arbitrage.market_scanner - INFO - Fetching markets from both platforms...
2025-06-14 21:36:27,682 - kalshi_arbitrage.api_clients - ERROR - API request failed for https://trading-api.kalshi.co/trade-api/v2/markets: Cannot connect to host trading-api.kalshi.co:443 ssl:default [nodename nor servname provided, or not known]
2025-06-14 21:36:28,304 - kalshi_arbitrage.market_scanner - INFO - Fetched 0 Kalshi markets, 100 Polymarket markets
2025-06-14 21:36:28,304 - kalshi_arbitrage.market_scanner - INFO - Found 0 potential matches above 0.8 similarity threshold
2025-06-14 21:36:28,304 - __main__ - INFO - No market matches found
2025-06-14 21:37:27,949 - kalshi_arbitrage.trade_simulator - INFO - Initialized paper trading simulator with $10,000.00
2025-06-14 21:37:27,950 - __main__ - INFO - Running single arbitrage scan...
2025-06-14 21:37:27,950 - __main__ - INFO - Starting arbitrage scan...
2025-06-14 21:37:27,950 - kalshi_arbitrage.market_scanner - INFO - Fetching markets from both platforms...
2025-06-14 21:37:28,474 - kalshi_arbitrage.api_clients - ERROR - API request failed for https://trading-api.kalshi.com/trade-api/v2/markets: 401, message='Unauthorized', url='https://trading-api.kalshi.com/trade-api/v2/markets?status=open'
2025-06-14 21:37:28,724 - kalshi_arbitrage.market_scanner - INFO - Fetched 0 Kalshi markets, 100 Polymarket markets
2025-06-14 21:37:28,724 - kalshi_arbitrage.market_scanner - INFO - Found 0 potential matches above 0.8 similarity threshold
2025-06-14 21:37:28,724 - __main__ - INFO - No market matches found
2025-06-14 21:38:48,821 - kalshi_arbitrage.trade_simulator - INFO - Initialized paper trading simulator with $10,000.00
2025-06-14 21:38:48,821 - __main__ - INFO - Running single arbitrage scan...
2025-06-14 21:38:48,822 - __main__ - INFO - Starting arbitrage scan...
2025-06-14 21:38:48,822 - kalshi_arbitrage.market_scanner - INFO - Fetching markets from both platforms...
2025-06-14 21:38:49,218 - kalshi_arbitrage.api_clients - ERROR - API request failed for https://trading-api.kalshi.com/trade-api/v2/markets: 401, message='Unauthorized', url='https://trading-api.kalshi.com/trade-api/v2/markets?status=open'
2025-06-14 21:38:49,219 - kalshi_arbitrage.api_clients - INFO - Using demo Kalshi data
2025-06-14 21:38:49,588 - kalshi_arbitrage.market_scanner - INFO - Fetched 5 Kalshi markets, 100 Polymarket markets
2025-06-14 21:38:49,594 - kalshi_arbitrage.market_scanner - INFO - Found 0 potential matches above 0.8 similarity threshold
2025-06-14 21:38:49,594 - __main__ - INFO - No market matches found
2025-06-14 21:38:54,788 - kalshi_arbitrage.trade_simulator - INFO - Initialized paper trading simulator with $10,000.00
2025-06-14 21:38:54,788 - __main__ - INFO - Running single arbitrage scan...
2025-06-14 21:38:54,788 - __main__ - INFO - Starting arbitrage scan...
2025-06-14 21:38:54,788 - kalshi_arbitrage.market_scanner - INFO - Fetching markets from both platforms...
2025-06-14 21:38:55,199 - kalshi_arbitrage.api_clients - ERROR - API request failed for https://trading-api.kalshi.com/trade-api/v2/markets: 401, message='Unauthorized', url='https://trading-api.kalshi.com/trade-api/v2/markets?status=open'
2025-06-14 21:38:55,199 - kalshi_arbitrage.api_clients - INFO - Using demo Kalshi data
2025-06-14 21:38:55,598 - kalshi_arbitrage.market_scanner - INFO - Fetched 5 Kalshi markets, 100 Polymarket markets
2025-06-14 21:38:55,605 - kalshi_arbitrage.market_scanner - INFO - Found 0 potential matches above 0.8 similarity threshold
2025-06-14 21:38:55,605 - __main__ - INFO - No market matches found
2025-06-14 21:39:30,183 - kalshi_arbitrage.trade_simulator - INFO - Initialized paper trading simulator with $10,000.00
2025-06-14 21:39:30,183 - __main__ - INFO - Running single arbitrage scan...
2025-06-14 21:39:30,183 - __main__ - INFO - Starting arbitrage scan...
2025-06-14 21:39:30,183 - kalshi_arbitrage.market_scanner - INFO - Fetching markets from both platforms...
2025-06-14 21:39:30,807 - kalshi_arbitrage.api_clients - ERROR - API request failed for https://trading-api.kalshi.com/trade-api/v2/markets: 401, message='Unauthorized', url='https://trading-api.kalshi.com/trade-api/v2/markets?status=open'
2025-06-14 21:39:30,808 - kalshi_arbitrage.api_clients - INFO - Using demo Kalshi data
2025-06-14 21:39:31,310 - kalshi_arbitrage.market_scanner - INFO - Fetched 5 Kalshi markets, 100 Polymarket markets
2025-06-14 21:39:31,315 - kalshi_arbitrage.market_scanner - INFO - Found 0 potential matches above 0.7 similarity threshold
2025-06-14 21:39:31,315 - __main__ - INFO - No market matches found
2025-06-14 21:39:42,319 - kalshi_arbitrage.trade_simulator - INFO - Initialized paper trading simulator with $10,000.00
2025-06-14 21:39:42,319 - __main__ - INFO - Running single arbitrage scan...
2025-06-14 21:39:42,319 - __main__ - INFO - Starting arbitrage scan...
2025-06-14 21:39:42,319 - kalshi_arbitrage.market_scanner - INFO - Fetching markets from both platforms...
2025-06-14 21:39:42,654 - kalshi_arbitrage.api_clients - ERROR - API request failed for https://trading-api.kalshi.com/trade-api/v2/markets: 401, message='Unauthorized', url='https://trading-api.kalshi.com/trade-api/v2/markets?status=open'
2025-06-14 21:39:42,655 - kalshi_arbitrage.api_clients - INFO - Using demo Kalshi data
2025-06-14 21:39:43,272 - kalshi_arbitrage.market_scanner - INFO - Fetched 5 Kalshi markets, 100 Polymarket markets
2025-06-14 21:39:43,278 - kalshi_arbitrage.market_scanner - INFO - Found 203 potential matches above 0.4 similarity threshold
2025-06-14 21:39:43,278 - kalshi_arbitrage.arbitrage_calculator - INFO - Found 0 profitable arbitrage opportunities
2025-06-14 21:39:43,278 - __main__ - INFO - No profitable arbitrage opportunities found
2025-06-14 21:39:57,627 - kalshi_arbitrage.trade_simulator - INFO - Initialized paper trading simulator with $10,000.00
2025-06-14 21:39:57,627 - __main__ - INFO - Running single arbitrage scan...
2025-06-14 21:39:57,627 - __main__ - INFO - Starting arbitrage scan...
2025-06-14 21:39:57,627 - kalshi_arbitrage.market_scanner - INFO - Fetching markets from both platforms...
2025-06-14 21:39:57,989 - kalshi_arbitrage.api_clients - ERROR - API request failed for https://trading-api.kalshi.com/trade-api/v2/markets: 401, message='Unauthorized', url='https://trading-api.kalshi.com/trade-api/v2/markets?status=open'
2025-06-14 21:39:57,990 - kalshi_arbitrage.api_clients - INFO - Using demo Kalshi data
2025-06-14 21:39:58,353 - kalshi_arbitrage.market_scanner - INFO - Fetched 5 Kalshi markets, 100 Polymarket markets
2025-06-14 21:39:58,357 - kalshi_arbitrage.market_scanner - INFO - Found 203 potential matches above 0.4 similarity threshold
2025-06-14 21:39:58,357 - kalshi_arbitrage.arbitrage_calculator - INFO - Found 0 profitable arbitrage opportunities
2025-06-14 21:39:58,357 - __main__ - INFO - No profitable arbitrage opportunities found
2025-06-14 21:40:09,916 - kalshi_arbitrage.trade_simulator - INFO - Initialized paper trading simulator with $10,000.00
2025-06-14 21:40:09,916 - __main__ - INFO - Running single arbitrage scan...
2025-06-14 21:40:09,916 - __main__ - INFO - Starting arbitrage scan...
2025-06-14 21:40:09,916 - kalshi_arbitrage.market_scanner - INFO - Fetching markets from both platforms...
2025-06-14 21:40:10,323 - kalshi_arbitrage.api_clients - ERROR - API request failed for https://trading-api.kalshi.com/trade-api/v2/markets: 401, message='Unauthorized', url='https://trading-api.kalshi.com/trade-api/v2/markets?status=open'
2025-06-14 21:40:10,324 - kalshi_arbitrage.api_clients - INFO - Using demo Kalshi data
2025-06-14 21:40:10,691 - kalshi_arbitrage.market_scanner - INFO - Fetched 5 Kalshi markets, 100 Polymarket markets
2025-06-14 21:40:10,694 - kalshi_arbitrage.market_scanner - INFO - Found 203 potential matches above 0.4 similarity threshold
2025-06-14 21:40:10,694 - kalshi_arbitrage.arbitrage_calculator - INFO - Found 0 profitable arbitrage opportunities
2025-06-14 21:40:10,694 - __main__ - INFO - No profitable arbitrage opportunities found
2025-06-14 21:40:32,735 - kalshi_arbitrage.trade_simulator - INFO - Initialized paper trading simulator with $10,000.00
2025-06-14 21:40:32,736 - kalshi_arbitrage.trade_simulator - INFO - Executed paper trade: Buy Kalshi → Sell Polymarket - $11.25 profit
2025-06-14 21:40:32,736 - kalshi_arbitrage.trade_simulator - INFO - Executed paper trade: Buy Polymarket → Sell Kalshi - $18.00 profit
